Added Component: Designator=*1(MicroUSB（直插）)
Added Component: Designator=*2(RGB5050)
Added Component: Designator=C1(CAP0603)
Added Component: Designator=C2(CAP0603)
Added Component: Designator=C3(CAP0603)
Added Component: Designator=C4(CAP0603)
Added Component: Designator=C5(CAP0603)
Added Component: Designator=C6(CAP0603)
Added Component: Designator=C7(CAP0603)
Added Component: Designator=C8(CAP0603)
Added Component: Designator=C9(CAP0603)
Added Component: Designator=C10(CAP0603)
Added Component: Designator=C11(CAP0603)
Added Component: Designator=C12(CAP0603)
Added Component: Designator=C13(CAP0603)
Added Component: Designator=C14(CAP0603)
Added Component: Designator=C15(CAP0603)
Added Component: Designator=C16(CAP0603)
Added Component: Designator=C17(CAP0603)
Added Component: Designator=C18(CAP0603)
Added Component: Designator=D1(LED_0603_B)
Added Component: Designator=H1(H4)
Added Component: Designator=H2(H3)
Added Component: Designator=P1(HDR2X3)
Added Component: Designator=P2(HDR2X2H)
Added Component: Designator=P3(HDR2X2H)
Added Component: Designator=R1(R0603)
Added Component: Designator=R2(R0603)
Added Component: Designator=R3(R0603)
Added Component: Designator=R4(R0603)
Added Component: Designator=R5(R0603)
Added Component: Designator=R6(R0603)
Added Component: Designator=R7(R0603)
Added Component: Designator=R8(R0603)
Added Component: Designator=R9(1K*4排阻)
Added Component: Designator=R10(R0603)
Added Component: Designator=R11(R0603)
Added Component: Designator=R12(R0603)
Added Component: Designator=R13(R0603)
Added Component: Designator=R14(R0603)
Added Component: Designator=R15(R0603)
Added Component: Designator=S1(SWITCH)
Added Component: Designator=S2(拨动开关)
Added Component: Designator=S3(拨动开关)
Added Component: Designator=S4(SWITCH)
Added Component: Designator=S5(SWITCH)
Added Component: Designator=S6(SWITCH)
Added Component: Designator=S7(SWITCH)
Added Component: Designator=U1(遥控器摇杆)
Added Component: Designator=U2(遥控器摇杆)
Added Component: Designator=U3(OLED)
Added Component: Designator=U4(LQFP_48P)
Added Component: Designator=Y1(XTAL)
Added Pin To Net: NetName=ADC123_IN0 Pin=U1-2
Added Pin To Net: NetName=ADC123_IN0 Pin=U4-10
Added Net: Name=ADC123_IN0
Added Pin To Net: NetName=ADC123_IN1 Pin=U1-5
Added Pin To Net: NetName=ADC123_IN1 Pin=U4-11
Added Net: Name=ADC123_IN1
Added Pin To Net: NetName=ADC123_IN2 Pin=U2-2
Added Pin To Net: NetName=ADC123_IN2 Pin=U4-12
Added Net: Name=ADC123_IN2
Added Pin To Net: NetName=ADC123_IN3 Pin=U2-5
Added Pin To Net: NetName=ADC123_IN3 Pin=U4-13
Added Net: Name=ADC123_IN3
Added Pin To Net: NetName=CAN-RX Pin=U4-32
Added Net: Name=CAN-RX
Added Pin To Net: NetName=CAN-TX Pin=U4-33
Added Net: Name=CAN-TX
Added Pin To Net: NetName=GND Pin=*1-4
Added Pin To Net: NetName=GND Pin=*1-5
Added Pin To Net: NetName=GND Pin=*1-6
Added Pin To Net: NetName=GND Pin=*1-6
Added Pin To Net: NetName=GND Pin=*1-6
Added Pin To Net: NetName=GND Pin=*1-6
Added Pin To Net: NetName=GND Pin=C1-2
Added Pin To Net: NetName=GND Pin=C2-2
Added Pin To Net: NetName=GND Pin=C3-1
Added Pin To Net: NetName=GND Pin=C4-1
Added Pin To Net: NetName=GND Pin=C5-1
Added Pin To Net: NetName=GND Pin=C6-1
Added Pin To Net: NetName=GND Pin=C7-1
Added Pin To Net: NetName=GND Pin=C9-1
Added Pin To Net: NetName=GND Pin=C10-1
Added Pin To Net: NetName=GND Pin=C12-2
Added Pin To Net: NetName=GND Pin=C13-2
Added Pin To Net: NetName=GND Pin=C14-1
Added Pin To Net: NetName=GND Pin=C15-2
Added Pin To Net: NetName=GND Pin=C16-2
Added Pin To Net: NetName=GND Pin=C17-2
Added Pin To Net: NetName=GND Pin=C18-2
Added Pin To Net: NetName=GND Pin=D1-2
Added Pin To Net: NetName=GND Pin=H1-2
Added Pin To Net: NetName=GND Pin=P2-2
Added Pin To Net: NetName=GND Pin=P2-4
Added Pin To Net: NetName=GND Pin=P3-2
Added Pin To Net: NetName=GND Pin=P3-4
Added Pin To Net: NetName=GND Pin=R2-2
Added Pin To Net: NetName=GND Pin=R7-2
Added Pin To Net: NetName=GND Pin=R8-1
Added Pin To Net: NetName=GND Pin=S1-2
Added Pin To Net: NetName=GND Pin=S4-1
Added Pin To Net: NetName=GND Pin=S5-1
Added Pin To Net: NetName=GND Pin=S6-1
Added Pin To Net: NetName=GND Pin=S7-1
Added Pin To Net: NetName=GND Pin=U1-3
Added Pin To Net: NetName=GND Pin=U1-4
Added Pin To Net: NetName=GND Pin=U2-3
Added Pin To Net: NetName=GND Pin=U2-4
Added Pin To Net: NetName=GND Pin=U3-1
Added Pin To Net: NetName=GND Pin=U3-8
Added Pin To Net: NetName=GND Pin=U3-10
Added Pin To Net: NetName=GND Pin=U3-12
Added Pin To Net: NetName=GND Pin=U3-13
Added Pin To Net: NetName=GND Pin=U3-15
Added Pin To Net: NetName=GND Pin=U3-16
Added Pin To Net: NetName=GND Pin=U3-17
Added Pin To Net: NetName=GND Pin=U3-20
Added Pin To Net: NetName=GND Pin=U3-21
Added Pin To Net: NetName=GND Pin=U3-22
Added Pin To Net: NetName=GND Pin=U3-23
Added Pin To Net: NetName=GND Pin=U3-24
Added Pin To Net: NetName=GND Pin=U3-25
Added Pin To Net: NetName=GND Pin=U3-29
Added Pin To Net: NetName=GND Pin=U3-30
Added Pin To Net: NetName=GND Pin=U4-8
Added Pin To Net: NetName=GND Pin=U4-23
Added Pin To Net: NetName=GND Pin=U4-35
Added Pin To Net: NetName=GND Pin=U4-47
Added Net: Name=GND
Added Pin To Net: NetName=LED Pin=R13-1
Added Pin To Net: NetName=LED Pin=U4-25
Added Net: Name=LED
Added Pin To Net: NetName=Net*1_1 Pin=*1-1
Added Pin To Net: NetName=Net*1_1 Pin=H2-2
Added Pin To Net: NetName=Net*1_1 Pin=R10-2
Added Pin To Net: NetName=Net*1_1 Pin=R11-2
Added Net: Name=Net*1_1
Added Pin To Net: NetName=Net*2_4 Pin=*2-4
Added Pin To Net: NetName=Net*2_4 Pin=R9-6
Added Net: Name=Net*2_4
Added Pin To Net: NetName=Net*2_5 Pin=*2-5
Added Pin To Net: NetName=Net*2_5 Pin=R9-4
Added Net: Name=Net*2_5
Added Pin To Net: NetName=Net*2_6 Pin=*2-6
Added Pin To Net: NetName=Net*2_6 Pin=R9-2
Added Net: Name=Net*2_6
Added Pin To Net: NetName=NetC1_1 Pin=C1-1
Added Pin To Net: NetName=NetC1_1 Pin=U4-5
Added Pin To Net: NetName=NetC1_1 Pin=Y1-2
Added Net: Name=NetC1_1
Added Pin To Net: NetName=NetC2_1 Pin=C2-1
Added Pin To Net: NetName=NetC2_1 Pin=U4-6
Added Pin To Net: NetName=NetC2_1 Pin=Y1-1
Added Net: Name=NetC2_1
Added Pin To Net: NetName=NetC3_2 Pin=C3-2
Added Pin To Net: NetName=NetC3_2 Pin=R1-1
Added Pin To Net: NetName=NetC3_2 Pin=S1-1
Added Pin To Net: NetName=NetC3_2 Pin=U4-7
Added Net: Name=NetC3_2
Added Pin To Net: NetName=NetC8_1 Pin=C8-1
Added Pin To Net: NetName=NetC8_1 Pin=U3-3
Added Net: Name=NetC8_1
Added Pin To Net: NetName=NetC8_2 Pin=C8-2
Added Pin To Net: NetName=NetC8_2 Pin=U3-2
Added Net: Name=NetC8_2
Added Pin To Net: NetName=NetC9_2 Pin=C9-2
Added Pin To Net: NetName=NetC9_2 Pin=U3-28
Added Net: Name=NetC9_2
Added Pin To Net: NetName=NetC10_2 Pin=C10-2
Added Pin To Net: NetName=NetC10_2 Pin=U3-27
Added Net: Name=NetC10_2
Added Pin To Net: NetName=NetC11_1 Pin=C11-1
Added Pin To Net: NetName=NetC11_1 Pin=U3-5
Added Net: Name=NetC11_1
Added Pin To Net: NetName=NetC11_2 Pin=C11-2
Added Pin To Net: NetName=NetC11_2 Pin=U3-4
Added Net: Name=NetC11_2
Added Pin To Net: NetName=NetC14_2 Pin=C14-2
Added Pin To Net: NetName=NetC14_2 Pin=R15-1
Added Pin To Net: NetName=NetC14_2 Pin=U3-14
Added Net: Name=NetC14_2
Added Pin To Net: NetName=NetD1_1 Pin=D1-1
Added Pin To Net: NetName=NetD1_1 Pin=R13-2
Added Net: Name=NetD1_1
Added Pin To Net: NetName=NetR2_1 Pin=R2-1
Added Pin To Net: NetName=NetR2_1 Pin=U4-44
Added Net: Name=NetR2_1
Added Pin To Net: NetName=NetR3_2 Pin=R3-2
Added Pin To Net: NetName=NetR3_2 Pin=S2-3
Added Net: Name=NetR3_2
Added Pin To Net: NetName=NetR4_2 Pin=R4-2
Added Pin To Net: NetName=NetR4_2 Pin=S3-3
Added Net: Name=NetR4_2
Added Pin To Net: NetName=NetR5_2 Pin=R5-2
Added Pin To Net: NetName=NetR5_2 Pin=S2-1
Added Net: Name=NetR5_2
Added Pin To Net: NetName=NetR6_2 Pin=R6-2
Added Pin To Net: NetName=NetR6_2 Pin=S3-1
Added Net: Name=NetR6_2
Added Pin To Net: NetName=NetR7_1 Pin=R7-1
Added Pin To Net: NetName=NetR7_1 Pin=U4-20
Added Net: Name=NetR7_1
Added Pin To Net: NetName=NetR8_2 Pin=R8-2
Added Pin To Net: NetName=NetR8_2 Pin=U3-26
Added Net: Name=NetR8_2
Added Pin To Net: NetName=NRF_CSN Pin=P1-2
Added Pin To Net: NetName=NRF_CSN Pin=U4-14
Added Net: Name=NRF_CSN
Added Pin To Net: NetName=NRF_CS Pin=P1-1
Added Pin To Net: NetName=NRF_CS Pin=U4-19
Added Net: Name=NRF_CS
Added Pin To Net: NetName=NRF_IRQ Pin=P1-6
Added Pin To Net: NetName=NRF_IRQ Pin=U4-18
Added Net: Name=NRF_IRQ
Added Pin To Net: NetName=RGB1 Pin=*2-1
Added Pin To Net: NetName=RGB1 Pin=U4-41
Added Net: Name=RGB1
Added Pin To Net: NetName=RGB2 Pin=*2-2
Added Pin To Net: NetName=RGB2 Pin=U4-42
Added Net: Name=RGB2
Added Pin To Net: NetName=RGB3 Pin=*2-3
Added Pin To Net: NetName=RGB3 Pin=U4-43
Added Net: Name=RGB3
Added Pin To Net: NetName=SCL Pin=H1-3
Added Pin To Net: NetName=SCL Pin=R14-1
Added Pin To Net: NetName=SCL Pin=U3-18
Added Pin To Net: NetName=SCL Pin=U4-45
Added Net: Name=SCL
Added Pin To Net: NetName=SDA Pin=H1-4
Added Pin To Net: NetName=SDA Pin=R12-2
Added Pin To Net: NetName=SDA Pin=U3-19
Added Pin To Net: NetName=SDA Pin=U4-46
Added Net: Name=SDA
Added Pin To Net: NetName=SPI1_MISO Pin=P1-5
Added Pin To Net: NetName=SPI1_MISO Pin=U4-17
Added Net: Name=SPI1_MISO
Added Pin To Net: NetName=SPI1_MOSI Pin=P1-4
Added Pin To Net: NetName=SPI1_MOSI Pin=U4-16
Added Net: Name=SPI1_MOSI
Added Pin To Net: NetName=SPI1_SCK Pin=P1-3
Added Pin To Net: NetName=SPI1_SCK Pin=U4-15
Added Net: Name=SPI1_SCK
Added Pin To Net: NetName=SWCLK Pin=*1-2
Added Pin To Net: NetName=SWCLK Pin=R10-1
Added Pin To Net: NetName=SWCLK Pin=U4-37
Added Net: Name=SWCLK
Added Pin To Net: NetName=SWDIO Pin=*1-3
Added Pin To Net: NetName=SWDIO Pin=R11-1
Added Pin To Net: NetName=SWDIO Pin=U4-34
Added Net: Name=SWDIO
Added Pin To Net: NetName=USART3_RX Pin=U4-22
Added Net: Name=USART3_RX
Added Pin To Net: NetName=USART3_TX Pin=U4-21
Added Net: Name=USART3_TX
Added Pin To Net: NetName=USB_5V Pin=H2-3
Added Pin To Net: NetName=USB_5V Pin=P3-1
Added Pin To Net: NetName=USB_5V Pin=P3-3
Added Net: Name=USB_5V
Added Pin To Net: NetName=VCC-3.3V Pin=C4-2
Added Pin To Net: NetName=VCC-3.3V Pin=C5-2
Added Pin To Net: NetName=VCC-3.3V Pin=C6-2
Added Pin To Net: NetName=VCC-3.3V Pin=C7-2
Added Pin To Net: NetName=VCC-3.3V Pin=C12-1
Added Pin To Net: NetName=VCC-3.3V Pin=C13-1
Added Pin To Net: NetName=VCC-3.3V Pin=H1-1
Added Pin To Net: NetName=VCC-3.3V Pin=H2-1
Added Pin To Net: NetName=VCC-3.3V Pin=P2-1
Added Pin To Net: NetName=VCC-3.3V Pin=P2-3
Added Pin To Net: NetName=VCC-3.3V Pin=R1-2
Added Pin To Net: NetName=VCC-3.3V Pin=R9-1
Added Pin To Net: NetName=VCC-3.3V Pin=R9-3
Added Pin To Net: NetName=VCC-3.3V Pin=R9-5
Added Pin To Net: NetName=VCC-3.3V Pin=R12-1
Added Pin To Net: NetName=VCC-3.3V Pin=R14-2
Added Pin To Net: NetName=VCC-3.3V Pin=R15-2
Added Pin To Net: NetName=VCC-3.3V Pin=S2-2
Added Pin To Net: NetName=VCC-3.3V Pin=S3-2
Added Pin To Net: NetName=VCC-3.3V Pin=U1-1
Added Pin To Net: NetName=VCC-3.3V Pin=U1-6
Added Pin To Net: NetName=VCC-3.3V Pin=U2-1
Added Pin To Net: NetName=VCC-3.3V Pin=U2-6
Added Pin To Net: NetName=VCC-3.3V Pin=U3-6
Added Pin To Net: NetName=VCC-3.3V Pin=U3-9
Added Pin To Net: NetName=VCC-3.3V Pin=U3-11
Added Pin To Net: NetName=VCC-3.3V Pin=U4-9
Added Pin To Net: NetName=VCC-3.3V Pin=U4-24
Added Pin To Net: NetName=VCC-3.3V Pin=U4-36
Added Pin To Net: NetName=VCC-3.3V Pin=U4-48
Added Net: Name=VCC-3.3V
Added Pin To Net: NetName=按钮-PA8 Pin=C18-1
Added Pin To Net: NetName=按钮-PA8 Pin=S7-2
Added Pin To Net: NetName=按钮-PA8 Pin=U4-29
Added Net: Name=按钮-PA8
Added Pin To Net: NetName=按钮-PB13 Pin=C15-1
Added Pin To Net: NetName=按钮-PB13 Pin=S4-2
Added Pin To Net: NetName=按钮-PB13 Pin=U4-26
Added Net: Name=按钮-PB13
Added Pin To Net: NetName=按钮-PB14 Pin=C16-1
Added Pin To Net: NetName=按钮-PB14 Pin=S5-2
Added Pin To Net: NetName=按钮-PB14 Pin=U4-27
Added Net: Name=按钮-PB14
Added Pin To Net: NetName=按钮-PB15 Pin=C17-1
Added Pin To Net: NetName=按钮-PB15 Pin=S6-2
Added Pin To Net: NetName=按钮-PB15 Pin=U4-28
Added Net: Name=按钮-PB15
Added Pin To Net: NetName=按键PA8 Pin=R3-1
Added Pin To Net: NetName=按键PA8 Pin=U4-30
Added Net: Name=按键PA8
Added Pin To Net: NetName=按键PA9 Pin=R5-1
Added Pin To Net: NetName=按键PA9 Pin=U4-31
Added Net: Name=按键PA9
Added Pin To Net: NetName=按键PB3 Pin=R4-1
Added Pin To Net: NetName=按键PB3 Pin=U4-39
Added Net: Name=按键PB3
Added Pin To Net: NetName=按键PB4 Pin=R6-1
Added Pin To Net: NetName=按键PB4 Pin=U4-40
Added Net: Name=按键PB4
Added Class: Name=顶板
Added Room: Name=顶板
