Change Component Designator: Old Designator=*3 New Designator=*2
Change Component Designator: Old Designator=C30 New Designator=C8
Change Component Designator: Old Designator=C31 New Designator=C9
Change Component Designator: Old Designator=C32 New Designator=C10
Change Component Designator: Old Designator=C33 New Designator=C11
Change Component Designator: Old Designator=C34 New Designator=C12
Change Component Designator: Old Designator=C35 New Designator=C15
Change Component Designator: Old Designator=C36 New Designator=C13
Change Component Designator: Old Designator=C37 New Designator=C16
Change Component Designator: Old Designator=C38 New Designator=C17
Change Component Designator: Old Designator=C39 New Designator=C18
Change Component Designator: Old Designator=C40 New Designator=C14
Change Component Designator: Old Designator=H1 New Designator=H2
Change Component Designator: Old Designator=H8 New Designator=H1
Change Component Designator: Old Designator=P? New Designator=P1
Change Component Designator: Old Designator=P? New Designator=P2
Change Component Designator: Old Designator=P? New Designator=P3
Change Component Designator: Old Designator=R3 New Designator=R7
Change Component Designator: Old Designator=R4 New Designator=R13
Change Component Designator: Old Designator=R5 New Designator=R10
Change Component Designator: Old Designator=R6 New Designator=R11
Change Component Designator: Old Designator=R13 New Designator=R3
Change Component Designator: Old Designator=R14 New Designator=R4
Change Component Designator: Old Designator=R15 New Designator=R5
Change Component Designator: Old Designator=R16 New Designator=R6
Change Component Designator: Old Designator=R17 New Designator=R8
Change Component Designator: Old Designator=R18 New Designator=R9
Change Component Designator: Old Designator=R19 New Designator=R12
Change Component Designator: Old Designator=R20 New Designator=R14
Change Component Designator: Old Designator=R21 New Designator=R15
Change Component Designator: Old Designator=S3 New Designator=S2
Change Component Designator: Old Designator=S4 New Designator=S3
Change Component Designator: Old Designator=S5 New Designator=S4
Change Component Designator: Old Designator=S6 New Designator=S5
Change Component Designator: Old Designator=S7 New Designator=S6
Change Component Designator: Old Designator=S8 New Designator=S7
Change Component Designator: Old Designator=U1 New Designator=U4
Change Component Designator: Old Designator=U6 New Designator=U1
Change Component Designator: Old Designator=U7 New Designator=U2
Change Component Designator: Old Designator=U8 New Designator=U3
