Added Component: Designator=*1(PCBComponent_1)
Added Component: Designator=C1(CAP0603)
Added Component: Designator=C2(CAP0603)
Added Component: Designator=C3(CAP0603)
Added Component: Designator=C4(CAP0603)
Added Component: Designator=C5(CAP0603)
Added Component: Designator=C6(CAP0603)
Added Component: Designator=C7(CAP0603)
Added Component: Designator=C8(CAP0603)
Added Component: Designator=C9(CAP0603)
Added Component: Designator=C10(CAP0603)
Added Component: Designator=C11(CAP0603)
Added Component: Designator=C12(CAP0603)
Added Component: Designator=C13(CAP0603)
Added Component: Designator=C14(CAP0603)
Added Component: Designator=C15(CAP0603)
Added Component: Designator=C16(CAP0603)
Added Component: Designator=C17(CAP0603)
Added Component: Designator=C18(CAP0603)
Added Component: Designator=C19(CAP0603)
Added Component: Designator=C20(CAP0603)
Added Component: Designator=C21(CAP0603)
Added Component: Designator=C22(CAP0603)
Added Component: Designator=D1(LED_0603_B)
Added Component: Designator=D2(LED_0603_B)
Added Component: Designator=H1(H2_WHITE)
Added Component: Designator=H2(ÆÁ±Î7.2*7.2)
Added Component: Designator=H3(CAP0603)
Added Component: Designator=H4(CAP0603)
Added Component: Designator=H5(CAP0603)
Added Component: Designator=H6(CAP0603)
Added Component: Designator=P4(SMA-Æ«½Å)
Added Component: Designator=R1(R0603)
Added Component: Designator=R2(R0603)
Added Component: Designator=R3(R0603)
Added Component: Designator=R4(R0603)
Added Component: Designator=R5(R0603)
Added Component: Designator=R6(R0603)
Added Component: Designator=S1(SWITCH_A2)
Added Component: Designator=U1(TPS63001)
Added Component: Designator=U2(SOT-23-5)
Added Component: Designator=U3(QFN50P400X400X85_HS-21N)
Added Component: Designator=U4(QFN50P300X300X55_HS-17N)
Added Component: Designator=Y1(XTAL)
Added Pin To Net: NetName=GND Pin=*1-2
Added Pin To Net: NetName=GND Pin=C1-1
Added Pin To Net: NetName=GND Pin=C2-1
Added Pin To Net: NetName=GND Pin=C3-1
Added Pin To Net: NetName=GND Pin=C4-1
Added Pin To Net: NetName=GND Pin=C5-1
Added Pin To Net: NetName=GND Pin=C6-1
Added Pin To Net: NetName=GND Pin=C7-1
Added Pin To Net: NetName=GND Pin=C8-1
Added Pin To Net: NetName=GND Pin=C9-1
Added Pin To Net: NetName=GND Pin=C10-1
Added Pin To Net: NetName=GND Pin=C11-1
Added Pin To Net: NetName=GND Pin=C12-1
Added Pin To Net: NetName=GND Pin=C13-2
Added Pin To Net: NetName=GND Pin=C15-1
Added Pin To Net: NetName=GND Pin=C16-1
Added Pin To Net: NetName=GND Pin=C17-2
Added Pin To Net: NetName=GND Pin=C18-2
Added Pin To Net: NetName=GND Pin=C19-2
Added Pin To Net: NetName=GND Pin=C20-1
Added Pin To Net: NetName=GND Pin=C21-1
Added Pin To Net: NetName=GND Pin=C22-1
Added Pin To Net: NetName=GND Pin=D1-2
Added Pin To Net: NetName=GND Pin=H1-1
Added Pin To Net: NetName=GND Pin=P2-2
Added Pin To Net: NetName=GND Pin=P2-4
Added Pin To Net: NetName=GND Pin=P3-2
Added Pin To Net: NetName=GND Pin=P3-4
Added Pin To Net: NetName=GND Pin=P4-2
Added Pin To Net: NetName=GND Pin=P4-2
Added Pin To Net: NetName=GND Pin=P4-2
Added Pin To Net: NetName=GND Pin=P4-2
Added Pin To Net: NetName=GND Pin=R3-1
Added Pin To Net: NetName=GND Pin=R4-2
Added Pin To Net: NetName=GND Pin=U1-3
Added Pin To Net: NetName=GND Pin=U1-9
Added Pin To Net: NetName=GND Pin=U1-11
Added Pin To Net: NetName=GND Pin=U2-2
Added Pin To Net: NetName=GND Pin=U3-8
Added Pin To Net: NetName=GND Pin=U3-14
Added Pin To Net: NetName=GND Pin=U3-17
Added Pin To Net: NetName=GND Pin=U3-20
Added Pin To Net: NetName=GND Pin=U4-1
Added Pin To Net: NetName=GND Pin=U4-2
Added Pin To Net: NetName=GND Pin=U4-3
Added Pin To Net: NetName=GND Pin=U4-7
Added Pin To Net: NetName=GND Pin=U4-8
Added Pin To Net: NetName=GND Pin=U4-9
Added Pin To Net: NetName=GND Pin=U4-11
Added Pin To Net: NetName=GND Pin=U4-12
Added Pin To Net: NetName=GND Pin=U4-15
Added Pin To Net: NetName=GND Pin=U4-17
Added Net: Name=GND
Added Pin To Net: NetName=NetC13_1 Pin=C13-1
Added Pin To Net: NetName=NetC13_1 Pin=U3-19
Added Net: Name=NetC13_1
Added Pin To Net: NetName=NetC14_1 Pin=C14-1
Added Pin To Net: NetName=NetC14_1 Pin=C17-1
Added Pin To Net: NetName=NetC14_1 Pin=U4-4
Added Net: Name=NetC14_1
Added Pin To Net: NetName=NetC14_2 Pin=C14-2
Added Pin To Net: NetName=NetC14_2 Pin=H4-2
Added Net: Name=NetC14_2
Added Pin To Net: NetName=NetC15_2 Pin=C15-2
Added Pin To Net: NetName=NetC15_2 Pin=H3-1
Added Pin To Net: NetName=NetC15_2 Pin=U4-10
Added Net: Name=NetC15_2
Added Pin To Net: NetName=NetC16_2 Pin=C16-2
Added Pin To Net: NetName=NetC16_2 Pin=H3-2
Added Pin To Net: NetName=NetC16_2 Pin=P4-1
Added Net: Name=NetC16_2
Added Pin To Net: NetName=NetC18_1 Pin=C18-1
Added Pin To Net: NetName=NetC18_1 Pin=C19-1
Added Pin To Net: NetName=NetC18_1 Pin=H6-2
Added Pin To Net: NetName=NetC18_1 Pin=R5-2
Added Pin To Net: NetName=NetC18_1 Pin=U3-11
Added Net: Name=NetC18_1
Added Pin To Net: NetName=NetC21_2 Pin=C21-2
Added Pin To Net: NetName=NetC21_2 Pin=U3-9
Added Pin To Net: NetName=NetC21_2 Pin=Y1-1
Added Net: Name=NetC21_2
Added Pin To Net: NetName=NetC22_2 Pin=C22-2
Added Pin To Net: NetName=NetC22_2 Pin=U3-10
Added Pin To Net: NetName=NetC22_2 Pin=Y1-2
Added Net: Name=NetC22_2
Added Pin To Net: NetName=NetD1_1 Pin=D1-1
Added Pin To Net: NetName=NetD1_1 Pin=R1-1
Added Net: Name=NetD1_1
Added Pin To Net: NetName=NetD2_1 Pin=D2-1
Added Pin To Net: NetName=NetD2_1 Pin=R2-1
Added Net: Name=NetD2_1
Added Pin To Net: NetName=NetD2_2 Pin=D2-2
Added Pin To Net: NetName=NetD2_2 Pin=U2-1
Added Net: Name=NetD2_2
Added Pin To Net: NetName=NetH2_1 Pin=H2-1
Added Pin To Net: NetName=NetH2_1 Pin=U1-4
Added Net: Name=NetH2_1
Added Pin To Net: NetName=NetH2_2 Pin=H2-2
Added Pin To Net: NetName=NetH2_2 Pin=U1-2
Added Net: Name=NetH2_2
Added Pin To Net: NetName=NetH4_1 Pin=H4-1
Added Pin To Net: NetName=NetH4_1 Pin=H5-2
Added Pin To Net: NetName=NetH4_1 Pin=U3-13
Added Net: Name=NetH4_1
Added Pin To Net: NetName=NetH5_1 Pin=H5-1
Added Pin To Net: NetName=NetH5_1 Pin=H6-1
Added Pin To Net: NetName=NetH5_1 Pin=U3-12
Added Net: Name=NetH5_1
Added Pin To Net: NetName=NetR3_2 Pin=R3-2
Added Pin To Net: NetName=NetR3_2 Pin=U2-5
Added Net: Name=NetR3_2
Added Pin To Net: NetName=NetR4_1 Pin=R4-1
Added Pin To Net: NetName=NetR4_1 Pin=U3-16
Added Net: Name=NetR4_1
Added Pin To Net: NetName=NetR5_1 Pin=R5-1
Added Pin To Net: NetName=NetR5_1 Pin=U4-5
Added Net: Name=NetR5_1
Added Pin To Net: NetName=NetR6_1 Pin=R6-1
Added Pin To Net: NetName=NetR6_1 Pin=U4-6
Added Net: Name=NetR6_1
Added Pin To Net: NetName=NRF_CSN Pin=*1-4
Added Pin To Net: NetName=NRF_CSN Pin=P1-1
Added Pin To Net: NetName=NRF_CSN Pin=U3-2
Added Net: Name=NRF_CSN
Added Pin To Net: NetName=NRF_CS Pin=*1-3
Added Pin To Net: NetName=NRF_CS Pin=P1-6
Added Pin To Net: NetName=NRF_CS Pin=U3-1
Added Net: Name=NRF_CS
Added Pin To Net: NetName=NRF_IRQ Pin=*1-8
Added Pin To Net: NetName=NRF_IRQ Pin=P1-5
Added Pin To Net: NetName=NRF_IRQ Pin=U3-6
Added Net: Name=NRF_IRQ
Added Pin To Net: NetName=SPI1_MISO Pin=*1-7
Added Pin To Net: NetName=SPI1_MISO Pin=P1-4
Added Pin To Net: NetName=SPI1_MISO Pin=U3-5
Added Net: Name=SPI1_MISO
Added Pin To Net: NetName=SPI1_MOSI Pin=*1-6
Added Pin To Net: NetName=SPI1_MOSI Pin=P1-3
Added Pin To Net: NetName=SPI1_MOSI Pin=U3-4
Added Net: Name=SPI1_MOSI
Added Pin To Net: NetName=SPI1_SCK Pin=*1-5
Added Pin To Net: NetName=SPI1_SCK Pin=P1-2
Added Pin To Net: NetName=SPI1_SCK Pin=U3-3
Added Net: Name=SPI1_SCK
Added Pin To Net: NetName=USB_5V Pin=C1-2
Added Pin To Net: NetName=USB_5V Pin=C2-2
Added Pin To Net: NetName=USB_5V Pin=P2-1
Added Pin To Net: NetName=USB_5V Pin=P2-3
Added Pin To Net: NetName=USB_5V Pin=R2-2
Added Pin To Net: NetName=USB_5V Pin=U2-4
Added Net: Name=USB_5V
Added Pin To Net: NetName=VBAT_IN Pin=C3-2
Added Pin To Net: NetName=VBAT_IN Pin=C4-2
Added Pin To Net: NetName=VBAT_IN Pin=H1-2
Added Pin To Net: NetName=VBAT_IN Pin=S1-3
Added Pin To Net: NetName=VBAT_IN Pin=U2-3
Added Net: Name=VBAT_IN
Added Pin To Net: NetName=VBAT_OUT Pin=C5-2
Added Pin To Net: NetName=VBAT_OUT Pin=C6-2
Added Pin To Net: NetName=VBAT_OUT Pin=R1-2
Added Pin To Net: NetName=VBAT_OUT Pin=S1-1
Added Pin To Net: NetName=VBAT_OUT Pin=S1-2
Added Pin To Net: NetName=VBAT_OUT Pin=U1-5
Added Pin To Net: NetName=VBAT_OUT Pin=U1-6
Added Pin To Net: NetName=VBAT_OUT Pin=U1-7
Added Pin To Net: NetName=VBAT_OUT Pin=U1-8
Added Net: Name=VBAT_OUT
Added Pin To Net: NetName=VCC-3.3V Pin=*1-1
Added Pin To Net: NetName=VCC-3.3V Pin=C7-2
Added Pin To Net: NetName=VCC-3.3V Pin=C8-2
Added Pin To Net: NetName=VCC-3.3V Pin=C9-2
Added Pin To Net: NetName=VCC-3.3V Pin=C10-2
Added Pin To Net: NetName=VCC-3.3V Pin=C11-2
Added Pin To Net: NetName=VCC-3.3V Pin=C12-2
Added Pin To Net: NetName=VCC-3.3V Pin=C20-2
Added Pin To Net: NetName=VCC-3.3V Pin=P3-1
Added Pin To Net: NetName=VCC-3.3V Pin=P3-3
Added Pin To Net: NetName=VCC-3.3V Pin=R6-2
Added Pin To Net: NetName=VCC-3.3V Pin=U1-1
Added Pin To Net: NetName=VCC-3.3V Pin=U1-10
Added Pin To Net: NetName=VCC-3.3V Pin=U3-7
Added Pin To Net: NetName=VCC-3.3V Pin=U3-15
Added Pin To Net: NetName=VCC-3.3V Pin=U3-18
Added Pin To Net: NetName=VCC-3.3V Pin=U4-14
Added Pin To Net: NetName=VCC-3.3V Pin=U4-16
Added Net: Name=VCC-3.3V
Added Class: Name=µ×°å
