Removed Pin From Net: NetName=VCC-3.3V Pin=P2-1
Removed Pin From Net: NetName=VCC-3.3V Pin=P2-3
Removed Pin From Net: NetName=USB_5V Pin=P3-1
Removed Pin From Net: NetName=USB_5V Pin=P3-3
Removed Pin From Net: NetName=GND Pin=U1-V
Removed Pin From Net: NetName=GND Pin=U1-V
Removed Pin From Net: NetName=GND Pin=U1-V
Removed Pin From Net: NetName=GND Pin=U1-V
Change Component Designator: OldDesignator=C1 NewDesignator=C3
Change Component Designator: OldDesignator=C2 NewDesignator=C4
Change Component Designator: OldDesignator=C3 NewDesignator=C5
Change Component Designator: OldDesignator=C4 NewDesignator=C6
Change Component Designator: OldDesignator=C5 NewDesignator=C7
Change Component Designator: OldDesignator=C6 NewDesignator=C8
Change Component Designator: OldDesignator=C7 NewDesignator=C9
Change Component Designator: OldDesignator=C8 NewDesignator=C10
Change Component Designator: OldDesignator=C9 NewDesignator=C11
Change Component Designator: OldDesignator=C10 NewDesignator=C12
Change Component Designator: OldDesignator=C11 NewDesignator=C13
Change Component Designator: OldDesignator=C12 NewDesignator=C14
Change Component Designator: OldDesignator=C13 NewDesignator=C15
Change Component Designator: OldDesignator=C14 NewDesignator=C16
Change Component Designator: OldDesignator=C15 NewDesignator=C17
Change Component Designator: OldDesignator=C16 NewDesignator=C18
Change Component Designator: OldDesignator=C17 NewDesignator=C19
Change Component Designator: OldDesignator=C18 NewDesignator=C20
Change Component Designator: OldDesignator=C19 NewDesignator=C21
Change Component Designator: OldDesignator=C20 NewDesignator=C22
Change Component Designator: OldDesignator=C21 NewDesignator=C23
Change Component Designator: OldDesignator=C22 NewDesignator=C24
Change Component Designator: OldDesignator=H1 NewDesignator=H2
Change Component Designator: OldDesignator=H2 NewDesignator=H3
Change Component Designator: OldDesignator=H3 NewDesignator=H4
Change Component Designator: OldDesignator=H4 NewDesignator=H5
Change Component Designator: OldDesignator=H5 NewDesignator=H6
Change Component Designator: OldDesignator=H6 NewDesignator=H7
Change Component Designator: OldDesignator=P4 NewDesignator=P5
Change Component Designator: OldDesignator=R2 NewDesignator=R3
Change Component Designator: OldDesignator=R3 NewDesignator=R4
Change Component Designator: OldDesignator=R4 NewDesignator=R5
Change Component Designator: OldDesignator=R5 NewDesignator=R6
Change Component Designator: OldDesignator=R6 NewDesignator=R7
Change Component Designator: OldDesignator=U1 NewDesignator=U2
Change Component Designator: OldDesignator=U2 NewDesignator=U3
Change Component Designator: OldDesignator=U3 NewDesignator=U4
Change Component Designator: OldDesignator=U4 NewDesignator=U5
Added Component: Designator=C1(CAP0603)
Added Component: Designator=C2(CAP0603)
Added Component: Designator=H1(CAN¶Ë×Ó)
Added Component: Designator=P4(HDR2X2)
Added Component: Designator=R2(R0603)
Added Component: Designator=U1(VP230)
Added Pin To Net: NetName=VCC-3.3V Pin=C1-1
Added Pin To Net: NetName=GND Pin=C1-2
Added Pin To Net: NetName=VCC-3.3V Pin=C2-1
Added Pin To Net: NetName=GND Pin=C2-2
Added Pin To Net: NetName=USB_5V Pin=P2-1
Added Pin To Net: NetName=USB_5V Pin=P2-3
Added Pin To Net: NetName=VCC-3.3V Pin=P3-1
Added Pin To Net: NetName=VCC-3.3V Pin=P3-3
Added Pin To Net: NetName=GND Pin=U1-2
Added Pin To Net: NetName=VCC-3.3V Pin=U1-3
Added Pin To Net: NetName=GND Pin=U1-8
Change Net Name : Old Net Name=NetC13_1 New Net Name=NetC15_1
Change Net Name : Old Net Name=NetC14_1 New Net Name=NetC16_1
Change Net Name : Old Net Name=NetC14_2 New Net Name=NetC16_2
Change Net Name : Old Net Name=NetC15_2 New Net Name=NetC17_2
Change Net Name : Old Net Name=NetC16_2 New Net Name=NetC18_2
Change Net Name : Old Net Name=NetC18_1 New Net Name=NetC20_1
Change Net Name : Old Net Name=NetC21_2 New Net Name=NetC23_2
Change Net Name : Old Net Name=NetC22_2 New Net Name=NetC24_2
Change Net Name : Old Net Name=NetH2_1 New Net Name=NetH3_1
Change Net Name : Old Net Name=NetH2_2 New Net Name=NetH3_2
Change Net Name : Old Net Name=NetH4_1 New Net Name=NetH5_1
Change Net Name : Old Net Name=NetH5_1 New Net Name=NetH6_1
Change Net Name : Old Net Name=NetR3_2 New Net Name=NetR4_2
Change Net Name : Old Net Name=NetR4_1 New Net Name=NetR5_1
Change Net Name : Old Net Name=NetR5_1 New Net Name=NetR6_1
Change Net Name : Old Net Name=NetR6_1 New Net Name=NetR7_1
Added Pin To Net: NetName=CAN-RX Pin=P4-1
Added Pin To Net: NetName=CAN-RX Pin=P4-3
Added Pin To Net: NetName=CAN-RX Pin=U1-4
Added Net: Name=CAN-RX
Added Pin To Net: NetName=CAN-TX Pin=P4-2
Added Pin To Net: NetName=CAN-TX Pin=P4-4
Added Pin To Net: NetName=CAN-TX Pin=U1-1
Added Net: Name=CAN-TX
Added Pin To Net: NetName=CANH Pin=H1-1
Added Pin To Net: NetName=CANH Pin=R2-2
Added Pin To Net: NetName=CANH Pin=U1-7
Added Net: Name=CANH
Added Pin To Net: NetName=CANL Pin=H1-2
Added Pin To Net: NetName=CANL Pin=R2-1
Added Pin To Net: NetName=CANL Pin=U1-6
Added Net: Name=CANL
Added Member To Class: ClassName=µ×°å Member=Component C23 CAP0603
Added Member To Class: ClassName=µ×°å Member=Component C24 CAP0603
Added Member To Class: ClassName=µ×°å Member=Component H7 ÆÁ±Îµç¸Ð
Added Member To Class: ClassName=µ×°å Member=Component P5 ÐÅºÅ½Ó¿Ú
Added Member To Class: ClassName=µ×°å Member=Component R7 µç×èR
Added Member To Class: ClassName=µ×°å Member=Component U5 RFX2401C
